nohup: ignoring input

╔══════════════════════════════════════════════════════════╗
║        Seedance 1.5 Pro 批量视频生成器                   ║
║        《茉莉花巷的小兔子》                               ║
╚══════════════════════════════════════════════════════════╝

✓ 成功加载 20 个集数配置


进度: 1/20

============================================================
开始生成: [E01] 茉莉花巷的小兔子
============================================================
  图片: 首帧(C01) + 尾帧(P03)
  注意: 已跳过 3 张中间图片 ['S01', 'S02', 'P01']（API限制）
✓ 任务创建成功, Task ID: cgt-20260303150857-hfpqg
  [E01] 状态: queued (已等待 0秒)
  [E01] 状态: running (已等待 10秒)
  [E01] 状态: running (已等待 20秒)
  [E01] 状态: running (已等待 30秒)
  [E01] 状态: running (已等待 40秒)
  [E01] 状态: running (已等待 50秒)
  [E01] 状态: running (已等待 61秒)
  [E01] 状态: running (已等待 71秒)
  [E01] 状态: succeeded (已等待 81秒)
✓ [E01] 生成成功!
  下载中: ./videos/E01_茉莉花巷的小兔子.mp4
✓ 下载完成: ./videos/E01_茉莉花巷的小兔子.mp4 (21.60 MB)
[E01] ✓ 全部完成!


休息 30 秒后继续...

进度: 2/20

============================================================
开始生成: [E02] 晴朗的午后
============================================================
  图片: 首帧(C01) + 尾帧(S04)
  注意: 已跳过 1 张中间图片 ['S03']（API限制）
✓ 任务创建成功, Task ID: cgt-20260303151106-5ngwc
  [E02] 状态: queued (已等待 0秒)
  [E02] 状态: running (已等待 10秒)
  [E02] 状态: running (已等待 20秒)
  [E02] 状态: running (已等待 30秒)
  [E02] 状态: running (已等待 40秒)
  [E02] 状态: running (已等待 50秒)
  [E02] 状态: running (已等待 61秒)
  [E02] 状态: running (已等待 71秒)
  [E02] 状态: succeeded (已等待 81秒)
✓ [E02] 生成成功!
  下载中: ./videos/E02_晴朗的午后.mp4
✓ 下载完成: ./videos/E02_晴朗的午后.mp4 (22.82 MB)
[E02] ✓ 全部完成!


休息 30 秒后继续...

进度: 3/20

============================================================
开始生成: [E03] 意外的野果
============================================================
  图片: 首帧(C01) + 尾帧(P05)
  注意: 已跳过 2 张中间图片 ['C03', 'S04']（API限制）
✓ 任务创建成功, Task ID: cgt-20260303151314-z9lpn
  [E03] 状态: queued (已等待 0秒)
  [E03] 状态: running (已等待 10秒)
  [E03] 状态: running (已等待 20秒)
  [E03] 状态: running (已等待 30秒)
  [E03] 状态: running (已等待 40秒)
  [E03] 状态: running (已等待 50秒)
  [E03] 状态: running (已等待 61秒)
  [E03] 状态: running (已等待 71秒)
  [E03] 状态: running (已等待 81秒)
  [E03] 状态: succeeded (已等待 91秒)
✓ [E03] 生成成功!
  下载中: ./videos/E03_意外的野果.mp4
✓ 下载完成: ./videos/E03_意外的野果.mp4 (17.59 MB)
[E03] ✓ 全部完成!


休息 30 秒后继续...

进度: 4/20

============================================================
开始生成: [E04] 道歉的小狐狸
============================================================
  图片: 首帧(C01) + 尾帧(S04)
  注意: 已跳过 2 张中间图片 ['C05', 'C07']（API限制）
✓ 任务创建成功, Task ID: cgt-20260303151520-zjqmj
  [E04] 状态: running (已等待 0秒)
  [E04] 状态: running (已等待 10秒)
  [E04] 状态: running (已等待 20秒)
  [E04] 状态: running (已等待 30秒)
  [E04] 状态: running (已等待 40秒)
  [E04] 状态: running (已等待 51秒)
  [E04] 状态: running (已等待 61秒)
  [E04] 状态: running (已等待 71秒)
  [E04] 状态: running (已等待 81秒)
  [E04] 状态: running (已等待 91秒)
  [E04] 状态: succeeded (已等待 101秒)
✓ [E04] 生成成功!
  下载中: ./videos/E04_道歉的小狐狸.mp4
✓ 下载完成: ./videos/E04_道歉的小狐狸.mp4 (17.66 MB)
[E04] ✓ 全部完成!


休息 30 秒后继续...

进度: 5/20

============================================================
开始生成: [E05] 好听的声音
============================================================
  图片: 首帧(C01) + 尾帧(FX01)
  注意: 已跳过 2 张中间图片 ['C05', 'FX02']（API限制）
✓ 任务创建成功, Task ID: cgt-20260303151736-6pv7l
  [E05] 状态: running (已等待 0秒)
  [E05] 状态: running (已等待 10秒)
  [E05] 状态: running (已等待 20秒)
  [E05] 状态: running (已等待 30秒)
  [E05] 状态: running (已等待 40秒)
  [E05] 状态: running (已等待 50秒)
  [E05] 状态: running (已等待 61秒)
  [E05] 状态: running (已等待 71秒)
  [E05] 状态: running (已等待 81秒)
  [E05] 状态: running (已等待 91秒)
  [E05] 状态: running (已等待 101秒)
