
╔══════════════════════════════════════════════════════════╗
║        Seedance 1.5 Pro 批量视频生成器                   ║
║        《茉莉花巷的小兔子》                               ║
╚══════════════════════════════════════════════════════════╝

✓ 成功加载 20 个集数配置


进度: 1/20

============================================================
开始生成: [E01] 茉莉花巷的小兔子
============================================================
  参考图片: C01, S01, S02, P01 (共4张)
  注意: 已跳过 1 张图片 ['P03']（API限制最多4张）
✓ 任务创建成功, Task ID: cgt-20260303152137-fhfg4
  [E01] 状态: queued (已等待 0秒)
  [E01] 状态: running (已等待 10秒)
  [E01] 状态: running (已等待 20秒)
  [E01] 状态: running (已等待 30秒)
  [E01] 状态: running (已等待 40秒)
  [E01] 状态: running (已等待 50秒)
  [E01] 状态: succeeded (已等待 61秒)
✓ [E01] 生成成功!
  下载中: ./videos/E01_茉莉花巷的小兔子.mp4
✓ 下载完成: ./videos/E01_茉莉花巷的小兔子.mp4 (24.90 MB)
[E01] ✓ 全部完成!


休息 30 秒后继续...

进度: 2/20

============================================================
开始生成: [E02] 晴朗的午后
============================================================
  参考图片: C01, S03, S04 (共3张)
✓ 任务创建成功, Task ID: cgt-20260303152314-p88qn
  [E02] 状态: queued (已等待 0秒)
  [E02] 状态: running (已等待 10秒)
  [E02] 状态: running (已等待 20秒)
  [E02] 状态: running (已等待 30秒)
  [E02] 状态: running (已等待 40秒)
  [E02] 状态: running (已等待 50秒)
  [E02] 状态: succeeded (已等待 61秒)
✓ [E02] 生成成功!
  下载中: ./videos/E02_晴朗的午后.mp4
✓ 下载完成: ./videos/E02_晴朗的午后.mp4 (15.79 MB)
[E02] ✓ 全部完成!


休息 30 秒后继续...

进度: 3/20

============================================================
开始生成: [E03] 意外的野果
============================================================
  参考图片: C01, C03, S04, P05 (共4张)
✗ HTTP错误: 403 Client Error: Forbidden for url: https://ark.cn-beijing.volces.com/api/v3/contents/generations/tasks
   错误详情: {
  "error": {
    "code": "AccountOverdueError",
    "message": "The request failed because your account has an overdue balance. Request id: 021772522711989635d5b08a34ae90b4fbdef6e30d38d32eca8ee",
    "param": "",
    "type": "Forbidden"
  }
}

休息 30 秒后继续...

进度: 4/20

============================================================
开始生成: [E04] 道歉的小狐狸
============================================================
  参考图片: C01, C05, C07, S04 (共4张)
✗ HTTP错误: 403 Client Error: Forbidden for url: https://ark.cn-beijing.volces.com/api/v3/contents/generations/tasks
   错误详情: {
  "error": {
    "code": "AccountOverdueError",
    "message": "The request failed because your account has an overdue balance. Request id: 0217725227421911e8917f6489049782b636a98f4bd750cd5f3a1",
    "param": "",
    "type": "Forbidden"
  }
}

休息 30 秒后继续...

进度: 5/20

============================================================
开始生成: [E05] 好听的声音
============================================================
  参考图片: C01, C05, FX02, FX01 (共4张)
✗ HTTP错误: 403 Client Error: Forbidden for url: https://ark.cn-beijing.volces.com/api/v3/contents/generations/tasks
   错误详情: {
  "error": {
    "code": "AccountOverdueError",
    "message": "The request failed because your account has an overdue balance. Request id: 02177252277238416478ce4a76ab7f920cf09c97d8a368f20531c",
    "param": "",
    "type": "Forbidden"
  }
}

休息 30 秒后继续...

进度: 6/20

============================================================
开始生成: [E06] 烤鱼的邀请
============================================================
  参考图片: C01, C05, C08 (共3张)
✗ HTTP错误: 403 Client Error: Forbidden for url: https://ark.cn-beijing.volces.com/api/v3/contents/generations/tasks
   错误详情: {
  "error": {
    "code": "AccountOverdueError",
    "message": "The request failed because your account has an overdue balance. Request id: 021772522802590670487d793dd7e908e44567c9af90743951964",
    "param": "",
    "type": "Forbidden"
  }
}

休息 30 秒后继续...

进度: 7/20

============================================================
开始生成: [E07] 池塘在哪里
============================================================
  参考图片: C01, C05, S05, C04 (共4张)
✗ HTTP错误: 403 Client Error: Forbidden for url: https://ark.cn-beijing.volces.com/api/v3/contents/generations/tasks
   错误详情: {
  "error": {
    "code": "AccountOverdueError",
    "message": "The request failed because your account has an overdue balance. Request id: 021772522832781bfc30f2d603fbcff5710ec3b641867d61e85f3",
    "param": "",
    "type": "Forbidden"
  }
}

休息 30 秒后继续...

进度: 8/20

============================================================
开始生成: [E08] 害怕的小兔子
============================================================
  参考图片: C01, C03, C04 (共3张)
✗ HTTP错误: 403 Client Error: Forbidden for url: https://ark.cn-beijing.volces.com/api/v3/contents/generations/tasks
   错误详情: {
  "error": {
    "code": "AccountOverdueError",
    "message": "The request failed because your account has an overdue balance. Request id: 0217725228630560b3f405af7fd729b2ba1cacbbbecc68d5e9e42",
    "param": "",
    "type": "Forbidden"
  }
}

休息 30 秒后继续...

进度: 9/20

============================================================
开始生成: [E09] 温柔的鼓励
============================================================
  参考图片: C01, C05, C07, C08 (共4张)
✗ HTTP错误: 403 Client Error: Forbidden for url: https://ark.cn-beijing.volces.com/api/v3/contents/generations/tasks
   错误详情: {
  "error": {
    "code": "AccountOverdueError",
    "message": "The request failed because your account has an overdue balance. Request id: 0217725228932463c2c450ca0aef45acfdd6c3b67cbe5efd4f513",
    "param": "",
    "type": "Forbidden"
  }
}

休息 30 秒后继续...

进度: 10/20

============================================================
开始生成: [E10] 牵起的手
============================================================
  参考图片: C01, C05, C10, S05 (共4张)
✗ HTTP错误: 403 Client Error: Forbidden for url: https://ark.cn-beijing.volces.com/api/v3/contents/generations/tasks
   错误详情: {
  "error": {
    "code": "AccountOverdueError",
    "message": "The request failed because your account has an overdue balance. Request id: 0217725229234347dc2a4feb4dcf772dd9b0c45c4454bccd51b6e",
    "param": "",
    "type": "Forbidden"
  }
}

休息 30 秒后继续...

进度: 11/20

============================================================
开始生成: [E11] 池塘初见
============================================================
  参考图片: C01, C05, S06, FX04 (共4张)
✗ HTTP错误: 403 Client Error: Forbidden for url: https://ark.cn-beijing.volces.com/api/v3/contents/generations/tasks
   错误详情: {
  "error": {
    "code": "AccountOverdueError",
    "message": "The request failed because your account has an overdue balance. Request id: 021772522953617ba98f7c244917cb799ea2ccded904c5cccbb00",
    "param": "",
    "type": "Forbidden"
  }
}

休息 30 秒后继续...
