nohup: ignoring input

╔══════════════════════════════════════════════════════════╗
║        Seedance 1.5 Pro 批量视频生成器                   ║
║        《茉莉花巷的小兔子》                               ║
╚══════════════════════════════════════════════════════════╝

✓ 成功加载 20 个集数配置


进度: 1/20

============================================================
开始生成: [E01] 茉莉花巷的小兔子
============================================================
  使用参考图片: C01
✓ 任务创建成功, Task ID: cgt-20260303144114-vhjc8
  [E01] 状态: running (已等待 0秒)
  [E01] 状态: running (已等待 10秒)
  [E01] 状态: running (已等待 20秒)
  [E01] 状态: running (已等待 30秒)
  [E01] 状态: running (已等待 40秒)
  [E01] 状态: running (已等待 50秒)
  [E01] 状态: running (已等待 61秒)
  [E01] 状态: running (已等待 71秒)
  [E01] 状态: running (已等待 81秒)
  [E01] 状态: running (已等待 91秒)
  [E01] 状态: running (已等待 101秒)
  [E01] 状态: running (已等待 112秒)
  [E01] 状态: running (已等待 122秒)
  [E01] 状态: running (已等待 132秒)
  [E01] 状态: running (已等待 142秒)
  [E01] 状态: running (已等待 152秒)
  [E01] 状态: running (已等待 163秒)
  [E01] 状态: running (已等待 173秒)
  [E01] 状态: succeeded (已等待 183秒)
✗ [E01] 未返回视频URL

休息 30 秒后继续...

进度: 2/20

============================================================
开始生成: [E02] 晴朗的午后
============================================================
  使用参考图片: C01
✓ 任务创建成功, Task ID: cgt-20260303144449-cnnlq
  [E02] 状态: queued (已等待 0秒)
  [E02] 状态: running (已等待 10秒)
  [E02] 状态: running (已等待 20秒)
  [E02] 状态: running (已等待 30秒)
  [E02] 状态: running (已等待 40秒)
  [E02] 状态: running (已等待 50秒)
  [E02] 状态: running (已等待 61秒)
  [E02] 状态: running (已等待 71秒)
  [E02] 状态: running (已等待 81秒)
  [E02] 状态: running (已等待 91秒)
  [E02] 状态: succeeded (已等待 101秒)
✗ [E02] 未返回视频URL

休息 30 秒后继续...

进度: 3/20

============================================================
开始生成: [E03] 意外的野果
============================================================
  使用参考图片: C01
✓ 任务创建成功, Task ID: cgt-20260303144702-n7ktb
  [E03] 状态: queued (已等待 0秒)
  [E03] 状态: running (已等待 10秒)
  [E03] 状态: running (已等待 20秒)
  [E03] 状态: running (已等待 30秒)
  [E03] 状态: running (已等待 40秒)
  [E03] 状态: running (已等待 50秒)
