
╔══════════════════════════════════════════════════════════╗
║        Seedance 1.5 Pro 批量视频生成器                   ║
║        《茉莉花巷的小兔子》                               ║
╚══════════════════════════════════════════════════════════╝

✓ 成功加载 20 个集数配置


进度: 1/20

============================================================
开始生成: [E01] 茉莉花巷的小兔子
============================================================
  使用参考图片: C01
✓ 任务创建成功, Task ID: cgt-20260303145236-zbwmc
  [E01] 状态: queued (已等待 0秒)
  [E01] 状态: running (已等待 10秒)
  [E01] 状态: running (已等待 20秒)
  [E01] 状态: running (已等待 30秒)
  [E01] 状态: running (已等待 40秒)
  [E01] 状态: running (已等待 50秒)
  [E01] 状态: running (已等待 61秒)
  [E01] 状态: running (已等待 71秒)
  [E01] 状态: running (已等待 81秒)
  [E01] 状态: running (已等待 91秒)
  [E01] 状态: running (已等待 101秒)
  [E01] 状态: running (已等待 112秒)
  [E01] 状态: running (已等待 122秒)
  [E01] 状态: running (已等待 132秒)
  [E01] 状态: running (已等待 142秒)
  [E01] 状态: running (已等待 152秒)
  [E01] 状态: running (已等待 162秒)
  [E01] 状态: running (已等待 173秒)
  [E01] 状态: running (已等待 183秒)
  [E01] 状态: running (已等待 193秒)
  [E01] 状态: running (已等待 203秒)
  [E01] 状态: running (已等待 213秒)
  [E01] 状态: running (已等待 224秒)
  [E01] 状态: running (已等待 234秒)
  [E01] 状态: running (已等待 244秒)
  [E01] 状态: running (已等待 254秒)
  [E01] 状态: running (已等待 264秒)
  [E01] 状态: running (已等待 274秒)
  [E01] 状态: running (已等待 285秒)
  [E01] 状态: running (已等待 295秒)
  [E01] 状态: running (已等待 305秒)
  [E01] 状态: running (已等待 316秒)
  [E01] 状态: running (已等待 326秒)
  [E01] 状态: succeeded (已等待 336秒)
✓ [E01] 生成成功!
  下载中: ./videos/E01_茉莉花巷的小兔子.mp4
✓ 下载完成: ./videos/E01_茉莉花巷的小兔子.mp4 (19.62 MB)
[E01] ✓ 全部完成!


休息 30 秒后继续...

进度: 2/20

============================================================
开始生成: [E02] 晴朗的午后
============================================================
  使用参考图片: C01
✓ 任务创建成功, Task ID: cgt-20260303145846-njjwl
  [E02] 状态: running (已等待 0秒)
  [E02] 状态: running (已等待 10秒)
  [E02] 状态: running (已等待 20秒)
  [E02] 状态: running (已等待 30秒)
  [E02] 状态: running (已等待 40秒)
  [E02] 状态: running (已等待 50秒)
  [E02] 状态: running (已等待 61秒)
  [E02] 状态: running (已等待 71秒)
  [E02] 状态: succeeded (已等待 81秒)
✓ [E02] 生成成功!
  下载中: ./videos/E02_晴朗的午后.mp4
✓ 下载完成: ./videos/E02_晴朗的午后.mp4 (20.94 MB)
[E02] ✓ 全部完成!


休息 30 秒后继续...

进度: 3/20

============================================================
开始生成: [E03] 意外的野果
============================================================
  使用参考图片: C01
✓ 任务创建成功, Task ID: cgt-20260303150041-z2n28
  [E03] 状态: queued (已等待 0秒)
  [E03] 状态: running (已等待 10秒)
  [E03] 状态: running (已等待 20秒)
  [E03] 状态: running (已等待 30秒)
  [E03] 状态: running (已等待 40秒)
  [E03] 状态: running (已等待 50秒)
  [E03] 状态: running (已等待 61秒)
  [E03] 状态: running (已等待 71秒)
  [E03] 状态: succeeded (已等待 81秒)
✓ [E03] 生成成功!
  下载中: ./videos/E03_意外的野果.mp4
✓ 下载完成: ./videos/E03_意外的野果.mp4 (17.17 MB)
[E03] ✓ 全部完成!


休息 30 秒后继续...

进度: 4/20

============================================================
开始生成: [E04] 道歉的小狐狸
============================================================
  使用参考图片: C01
✓ 任务创建成功, Task ID: cgt-20260303150236-bsj2v
  [E04] 状态: queued (已等待 0秒)
  [E04] 状态: running (已等待 10秒)
  [E04] 状态: running (已等待 20秒)
  [E04] 状态: running (已等待 30秒)
  [E04] 状态: running (已等待 40秒)
  [E04] 状态: running (已等待 50秒)
  [E04] 状态: running (已等待 61秒)
  [E04] 状态: running (已等待 71秒)
  [E04] 状态: succeeded (已等待 81秒)
✓ [E04] 生成成功!
  下载中: ./videos/E04_道歉的小狐狸.mp4
✓ 下载完成: ./videos/E04_道歉的小狐狸.mp4 (16.42 MB)
[E04] ✓ 全部完成!


休息 30 秒后继续...

进度: 5/20

============================================================
开始生成: [E05] 好听的声音
============================================================
  使用参考图片: C01
✓ 任务创建成功, Task ID: cgt-20260303150433-4xnpl
  [E05] 状态: queued (已等待 0秒)
  [E05] 状态: running (已等待 10秒)
  [E05] 状态: running (已等待 21秒)
  [E05] 状态: running (已等待 31秒)
  [E05] 状态: running (已等待 41秒)
  [E05] 状态: running (已等待 51秒)
  [E05] 状态: running (已等待 62秒)
  [E05] 状态: running (已等待 72秒)
  [E05] 状态: succeeded (已等待 82秒)
✓ [E05] 生成成功!
  下载中: ./videos/E05_好听的声音.mp4
✓ 下载完成: ./videos/E05_好听的声音.mp4 (12.13 MB)
[E05] ✓ 全部完成!


休息 30 秒后继续...
