nohup: ignoring input

╔══════════════════════════════════════════════════════════╗
║        Seedance 1.5 Pro 批量视频生成器                   ║
║        《茉莉花巷的小兔子》                               ║
╚══════════════════════════════════════════════════════════╝

✓ 成功加载 20 个集数配置


进度: 1/20

============================================================
开始生成: [E01] 茉莉花巷的小兔子
============================================================
✗ 任务创建失败: 400 Client Error: Bad Request for url: https://ark.cn-beijing.volces.com/api/v3/contents/generations/tasks

休息 30 秒后继续...

进度: 2/20

============================================================
开始生成: [E02] 晴朗的午后
============================================================
✗ 任务创建失败: 400 Client Error: Bad Request for url: https://ark.cn-beijing.volces.com/api/v3/contents/generations/tasks

休息 30 秒后继续...

进度: 3/20

============================================================
开始生成: [E03] 意外的野果
============================================================
✗ 任务创建失败: 400 Client Error: Bad Request for url: https://ark.cn-beijing.volces.com/api/v3/contents/generations/tasks

休息 30 秒后继续...

进度: 4/20

============================================================
开始生成: [E04] 道歉的小狐狸
============================================================
✗ 任务创建失败: 400 Client Error: Bad Request for url: https://ark.cn-beijing.volces.com/api/v3/contents/generations/tasks

休息 30 秒后继续...

进度: 5/20

============================================================
开始生成: [E05] 好听的声音
============================================================
✗ 任务创建失败: 400 Client Error: Bad Request for url: https://ark.cn-beijing.volces.com/api/v3/contents/generations/tasks

休息 30 秒后继续...

进度: 6/20

============================================================
开始生成: [E06] 烤鱼的邀请
============================================================
✗ 任务创建失败: 400 Client Error: Bad Request for url: https://ark.cn-beijing.volces.com/api/v3/contents/generations/tasks

休息 30 秒后继续...

进度: 7/20

============================================================
开始生成: [E07] 池塘在哪里
============================================================
✗ 任务创建失败: 400 Client Error: Bad Request for url: https://ark.cn-beijing.volces.com/api/v3/contents/generations/tasks

休息 30 秒后继续...

进度: 8/20

============================================================
开始生成: [E08] 害怕的小兔子
============================================================
✗ 任务创建失败: 400 Client Error: Bad Request for url: https://ark.cn-beijing.volces.com/api/v3/contents/generations/tasks

休息 30 秒后继续...

进度: 9/20

============================================================
开始生成: [E09] 温柔的鼓励
============================================================
✗ 任务创建失败: 400 Client Error: Bad Request for url: https://ark.cn-beijing.volces.com/api/v3/contents/generations/tasks

休息 30 秒后继续...

进度: 10/20

============================================================
开始生成: [E10] 牵起的手
============================================================
✗ 任务创建失败: 400 Client Error: Bad Request for url: https://ark.cn-beijing.volces.com/api/v3/contents/generations/tasks

休息 30 秒后继续...

进度: 11/20

============================================================
开始生成: [E11] 池塘初见
============================================================
✗ 任务创建失败: 400 Client Error: Bad Request for url: https://ark.cn-beijing.volces.com/api/v3/contents/generations/tasks

休息 30 秒后继续...

进度: 12/20

============================================================
开始生成: [E12] 下水的勇气
============================================================
✗ 任务创建失败: 400 Client Error: Bad Request for url: https://ark.cn-beijing.volces.com/api/v3/contents/generations/tasks

休息 30 秒后继续...

进度: 13/20

============================================================
开始生成: [E13] 捉鱼的乐趣
============================================================
✗ 任务创建失败: 400 Client Error: Bad Request for url: https://ark.cn-beijing.volces.com/api/v3/contents/generations/tasks

休息 30 秒后继续...

进度: 14/20

============================================================
开始生成: [E14] 一切都好新奇
============================================================
✗ 任务创建失败: 400 Client Error: Bad Request for url: https://ark.cn-beijing.volces.com/api/v3/contents/generations/tasks

休息 30 秒后继续...

进度: 15/20

============================================================
开始生成: [E15] 满载而归
============================================================
✗ 任务创建失败: 400 Client Error: Bad Request for url: https://ark.cn-beijing.volces.com/api/v3/contents/generations/tasks

休息 30 秒后继续...

进度: 16/20

============================================================
开始生成: [E16] 篝火旁的温暖
============================================================
✗ 任务创建失败: 400 Client Error: Bad Request for url: https://ark.cn-beijing.volces.com/api/v3/contents/generations/tasks

休息 30 秒后继续...

进度: 17/20

============================================================
开始生成: [E17] 夜空下的侧脸
============================================================
✗ 任务创建失败: 400 Client Error: Bad Request for url: https://ark.cn-beijing.volces.com/api/v3/contents/generations/tasks

休息 30 秒后继续...

进度: 18/20

============================================================
开始生成: [E18] 美味的烤鱼
============================================================
✗ 任务创建失败: 400 Client Error: Bad Request for url: https://ark.cn-beijing.volces.com/api/v3/contents/generations/tasks

休息 30 秒后继续...

进度: 19/20

============================================================
开始生成: [E19] 分不清的原因
============================================================
✗ 任务创建失败: 400 Client Error: Bad Request for url: https://ark.cn-beijing.volces.com/api/v3/contents/generations/tasks

休息 30 秒后继续...
